d:\c++test\sudoku\sudoku\debug\sudoku.pch
d:\c++test\sudoku\sudoku\debug\vc120.pdb
d:\c++test\sudoku\sudoku\debug\vc120.idb
d:\c++test\sudoku\sudoku\debug\stdafx.obj
d:\c++test\sudoku\sudoku\debug\sudoku.obj
d:\c++test\sudoku\sudoku\debug\sudokudlg.obj
d:\c++test\sudoku\sudoku\debug\sudokuverify.obj
d:\c++test\sudoku\debug\sudoku.ilk
d:\c++test\sudoku\debug\sudoku.exe
d:\c++test\sudoku\debug\sudoku.pdb
d:\c++test\sudoku\sudoku\debug\sudoku.res
d:\c++test\sudoku\sudoku\debug\sudoku.tlog\cl.command.1.tlog
d:\c++test\sudoku\sudoku\debug\sudoku.tlog\cl.read.1.tlog
d:\c++test\sudoku\sudoku\debug\sudoku.tlog\cl.write.1.tlog
d:\c++test\sudoku\sudoku\debug\sudoku.tlog\link.command.1.tlog
d:\c++test\sudoku\sudoku\debug\sudoku.tlog\link.read.1.tlog
d:\c++test\sudoku\sudoku\debug\sudoku.tlog\link.write.1.tlog
d:\c++test\sudoku\sudoku\debug\sudoku.tlog\rc.command.1.tlog
d:\c++test\sudoku\sudoku\debug\sudoku.tlog\rc.read.1.tlog
d:\c++test\sudoku\sudoku\debug\sudoku.tlog\rc.write.1.tlog
